<?xml version="1.0" encoding="UTF-8"?>
<!-- Generated by org.testng.reporters.JUnitReportReporter -->
<testsuite hostname="DESKTOP-246T65C" failures="0" tests="2" name="testCase.VerifyLogo" time="1.134" errors="0" timestamp="2021-07-29T19:51:07 BDT" skipped="0">
  <testcase classname="testCase.VerifyLogo" name="Logoenabled" time="0.471"/>
  <system-out/>
  <testcase classname="testCase.VerifyLogo" name="Logodisplayed" time="0.663"/>
  <system-out/>
</testsuite> <!-- testCase.VerifyLogo -->
